# JRE version: Java(TM) SE Runtime Environment (8.0_121-b13) (build 1.8.0_121-b13)
# Java VM: Java HotSpot(TM) 64-Bit Server VM (25.121-b13 mixed mode windows-amd64 compressed oops)
Heap:
 PSYoungGen      total 396288K, used 141799K [0x00000000d5d00000, 0x00000000fa600000, 0x0000000100000000)
  eden space 390144K, 34% used [0x00000000d5d00000,0x00000000de1cb098,0x00000000eda00000)
  from space 6144K, 94% used [0x00000000ee980000,0x00000000eef2ed98,0x00000000eef80000)
  to   space 104448K, 0% used [0x00000000f4000000,0x00000000f4000000,0x00000000fa600000)
 ParOldGen       total 309248K, used 177445K [0x0000000081600000, 0x0000000094400000, 0x00000000d5d00000)
  object space 309248K, 57% used [0x0000000081600000,0x000000008c349698,0x0000000094400000)
 Metaspace       used 43574K, capacity 44228K, committed 44460K, reserved 1087488K
  class space    used 5684K, capacity 5840K, committed 5888K, reserved 1048576K
GC Heap History (10 events):
Event: 1354.628 GC heap before
{Heap before GC invocations=57 (full 5):
 PSYoungGen      total 525824K, used 404683K [0x00000000d5d00000, 0x00000000fe700000, 0x0000000100000000)
  eden space 399360K, 100% used [0x00000000d5d00000,0x00000000ee300000,0x00000000ee300000)
  from space 126464K, 4% used [0x00000000f6b80000,0x00000000f70b2e18,0x00000000fe700000)
  to   space 133120K, 0% used [0x00000000ee300000,0x00000000ee300000,0x00000000f6500000)
 ParOldGen       total 309248K, used 177429K [0x0000000081600000, 0x0000000094400000, 0x00000000d5d00000)
  object space 309248K, 57% used [0x0000000081600000,0x000000008c345698,0x0000000094400000)
 Metaspace       used 43447K, capacity 44088K, committed 44460K, reserved 1087488K
  class space    used 5666K, capacity 5838K, committed 5888K, reserved 1048576K
Event: 1354.669 GC heap after
Heap after GC invocations=57 (full 5):
 PSYoungGen      total 405504K, used 5707K [0x00000000d5d00000, 0x00000000fe100000, 0x0000000100000000)
  eden space 399360K, 0% used [0x00000000d5d00000,0x00000000d5d00000,0x00000000ee300000)
  from space 6144K, 92% used [0x00000000ee300000,0x00000000ee892e18,0x00000000ee900000)
  to   space 127488K, 0% used [0x00000000f6480000,0x00000000f6480000,0x00000000fe100000)
 ParOldGen       total 309248K, used 177437K [0x0000000081600000, 0x0000000094400000, 0x00000000d5d00000)
  object space 309248K, 57% used [0x0000000081600000,0x000000008c347698,0x0000000094400000)
 Metaspace       used 43447K, capacity 44088K, committed 44460K, reserved 1087488K
  class space    used 5666K, capacity 5838K, committed 5888K, reserved 1048576K
}
Event: 1448.438 GC heap before
{Heap before GC invocations=58 (full 5):
 PSYoungGen      total 405504K, used 405067K [0x00000000d5d00000, 0x00000000fe100000, 0x0000000100000000)
  eden space 399360K, 100% used [0x00000000d5d00000,0x00000000ee300000,0x00000000ee300000)
  from space 6144K, 92% used [0x00000000ee300000,0x00000000ee892e18,0x00000000ee900000)
  to   space 127488K, 0% used [0x00000000f6480000,0x00000000f6480000,0x00000000fe100000)
 ParOldGen       total 309248K, used 177437K [0x0000000081600000, 0x0000000094400000, 0x00000000d5d00000)
  object space 309248K, 57% used [0x0000000081600000,0x000000008c347698,0x0000000094400000)
 Metaspace       used 43494K, capacity 44100K, committed 44460K, reserved 1087488K
  class space    used 5674K, capacity 5840K, committed 5888K, reserved 1048576K
Event: 1448.452 GC heap after
Heap after GC invocations=58 (full 5):
 PSYoungGen      total 518656K, used 6043K [0x00000000d5d00000, 0x00000000fd500000, 0x0000000100000000)
  eden space 403456K, 0% used [0x00000000d5d00000,0x00000000d5d00000,0x00000000ee700000)
  from space 115200K, 5% used [0x00000000f6480000,0x00000000f6a66d98,0x00000000fd500000)
  to   space 121856K, 0% used [0x00000000ee700000,0x00000000ee700000,0x00000000f5e00000)
 ParOldGen       total 309248K, used 177437K [0x0000000081600000, 0x0000000094400000, 0x00000000d5d00000)
  object space 309248K, 57% used [0x0000000081600000,0x000000008c347698,0x0000000094400000)
 Metaspace       used 43494K, capacity 44100K, committed 44460K, reserved 1087488K
  class space    used 5674K, capacity 5840K, committed 5888K, reserved 1048576K
}
Event: 2223.811 GC heap before
{Heap before GC invocations=59 (full 5):
 PSYoungGen      total 518656K, used 409499K [0x00000000d5d00000, 0x00000000fd500000, 0x0000000100000000)
  eden space 403456K, 100% used [0x00000000d5d00000,0x00000000ee700000,0x00000000ee700000)
  from space 115200K, 5% used [0x00000000f6480000,0x00000000f6a66d98,0x00000000fd500000)
  to   space 121856K, 0% used [0x00000000ee700000,0x00000000ee700000,0x00000000f5e00000)
 ParOldGen       total 309248K, used 177437K [0x0000000081600000, 0x0000000094400000, 0x00000000d5d00000)
  object space 309248K, 57% used [0x0000000081600000,0x000000008c347698,0x0000000094400000)
 Metaspace       used 43506K, capacity 44164K, committed 44460K, reserved 1087488K
  class space    used 5674K, capacity 5840K, committed 5888K, reserved 1048576K
Event: 2223.824 GC heap after
Heap after GC invocations=59 (full 5):
 PSYoungGen      total 409600K, used 6011K [0x00000000d5d00000, 0x00000000fcd00000, 0x0000000100000000)
  eden space 403456K, 0% used [0x00000000d5d00000,0x00000000d5d00000,0x00000000ee700000)
  from space 6144K, 97% used [0x00000000ee700000,0x00000000eecded98,0x00000000eed00000)
  to   space 116224K, 0% used [0x00000000f5b80000,0x00000000f5b80000,0x00000000fcd00000)
 ParOldGen       total 309248K, used 177437K [0x0000000081600000, 0x0000000094400000, 0x00000000d5d00000)
  object space 309248K, 57% used [0x0000000081600000,0x000000008c347698,0x0000000094400000)
 Metaspace       used 43506K, capacity 44164K, committed 44460K, reserved 1087488K
  class space    used 5674K, capacity 5840K, committed 5888K, reserved 1048576K
}
Event: 3117.240 GC heap before
{Heap before GC invocations=60 (full 5):
 PSYoungGen      total 409600K, used 409467K [0x00000000d5d00000, 0x00000000fcd00000, 0x0000000100000000)
  eden space 403456K, 100% used [0x00000000d5d00000,0x00000000ee700000,0x00000000ee700000)
  from space 6144K, 97% used [0x00000000ee700000,0x00000000eecded98,0x00000000eed00000)
  to   space 116224K, 0% used [0x00000000f5b80000,0x00000000f5b80000,0x00000000fcd00000)
 ParOldGen       total 309248K, used 177437K [0x0000000081600000, 0x0000000094400000, 0x00000000d5d00000)
  object space 309248K, 57% used [0x0000000081600000,0x000000008c347698,0x0000000094400000)
 Metaspace       used 43518K, capacity 44164K, committed 44460K, reserved 1087488K
  class space    used 5674K, capacity 5840K, committed 5888K, reserved 1048576K
Event: 3117.313 GC heap after
Heap after GC invocations=60 (full 5):
 PSYoungGen      total 509440K, used 5915K [0x00000000d5d00000, 0x00000000fc080000, 0x0000000100000000)
  eden space 406016K, 0% used [0x00000000d5d00000,0x00000000d5d00000,0x00000000ee980000)
  from space 103424K, 5% used [0x00000000f5b80000,0x00000000f6146d98,0x00000000fc080000)
  to   space 110080K, 0% used [0x00000000ee980000,0x00000000ee980000,0x00000000f5500000)
 ParOldGen       total 309248K, used 177437K [0x0000000081600000, 0x0000000094400000, 0x00000000d5d00000)
  object space 309248K, 57% used [0x0000000081600000,0x000000008c347698,0x0000000094400000)
 Metaspace       used 43518K, capacity 44164K, committed 44460K, reserved 1087488K
  class space    used 5674K, capacity 5840K, committed 5888K, reserved 1048576K
}
Event: 4015.216 GC heap before
{Heap before GC invocations=61 (full 5):
 PSYoungGen      total 509440K, used 411931K [0x00000000d5d00000, 0x00000000fc080000, 0x0000000100000000)
  eden space 406016K, 100% used [0x00000000d5d00000,0x00000000ee980000,0x00000000ee980000)
  from space 103424K, 5% used [0x00000000f5b80000,0x00000000f6146d98,0x00000000fc080000)
  to   space 110080K, 0% used [0x00000000ee980000,0x00000000ee980000,0x00000000f5500000)
 ParOldGen       total 309248K, used 177437K [0x0000000081600000, 0x0000000094400000, 0x00000000d5d00000)
  object space 309248K, 57% used [0x0000000081600000,0x000000008c347698,0x0000000094400000)
 Metaspace       used 43518K, capacity 44164K, committed 44460K, reserved 1087488K
  class space    used 5674K, capacity 5840K, committed 5888K, reserved 1048576K
Event: 4015.238 GC heap after
Heap after GC invocations=61 (full 5):
 PSYoungGen      total 396288K, used 5819K [0x00000000d5d00000, 0x00000000fa600000, 0x0000000100000000)
  eden space 390144K, 0% used [0x00000000d5d00000,0x00000000d5d00000,0x00000000eda00000)
  from space 6144K, 94% used [0x00000000ee980000,0x00000000eef2ed98,0x00000000eef80000)
  to   space 104448K, 0% used [0x00000000f4000000,0x00000000f4000000,0x00000000fa600000)
 ParOldGen       total 309248K, used 177445K [0x0000000081600000, 0x0000000094400000, 0x00000000d5d00000)
  object space 309248K, 57% used [0x0000000081600000,0x000000008c349698,0x0000000094400000)
 Metaspace       used 43518K, capacity 44164K, committed 44460K, reserved 1087488K
  class space    used 5674K, capacity 5840K, committed 5888K, reserved 1048576K
}

